0 info it worked if it ends with ok
1 verbose cli [ '/usr/bin/node',
1 verbose cli   '/usr/bin/npm',
1 verbose cli   'install',
1 verbose cli   'msnodesqlv8',
1 verbose cli   '--save' ]
2 info using npm@3.5.2
3 info using node@v8.10.0
4 silly loadCurrentTree Starting
5 silly install loadCurrentTree
6 silly install readLocalPackageData
7 silly fetchPackageMetaData msnodesqlv8
8 silly fetchNamedPackageData msnodesqlv8
9 silly mapToRegistry name msnodesqlv8
10 silly mapToRegistry using default registry
11 silly mapToRegistry registry https://registry.npmjs.org/
12 silly mapToRegistry uri https://registry.npmjs.org/msnodesqlv8
13 verbose request uri https://registry.npmjs.org/msnodesqlv8
14 verbose request no auth needed
15 info attempt registry request try #1 at 4:40:27 PM
16 verbose request id 0bce5a9ff2d194a6
17 http request GET https://registry.npmjs.org/msnodesqlv8
18 http 200 https://registry.npmjs.org/msnodesqlv8
19 verbose headers { date: 'Tue, 17 Dec 2019 15:40:34 GMT',
19 verbose headers   'content-type': 'application/json',
19 verbose headers   'transfer-encoding': 'chunked',
19 verbose headers   connection: 'keep-alive',
19 verbose headers   'set-cookie':
19 verbose headers    [ '__cfduid=d5d48e10a044974005e9a9f741f9da8e81576597233; expires=Thu, 16-Jan-20 15:40:33 GMT; path=/; domain=.npmjs.org; HttpOnly; SameSite=Lax' ],
19 verbose headers   'cf-ray': '5469ff078f059c93-AMS',
19 verbose headers   'cache-control': 'public, max-age=300',
19 verbose headers   etag: 'W/"eaa1ab860fcd979d5f6d75ceb09d99f3"',
19 verbose headers   'last-modified': 'Tue, 26 Nov 2019 21:06:07 GMT',
19 verbose headers   vary: 'accept-encoding, accept',
19 verbose headers   'cf-cache-status': 'EXPIRED',
19 verbose headers   'expect-ct': 'max-age=604800, report-uri="https://report-uri.cloudflare.com/cdn-cgi/beacon/expect-ct"',
19 verbose headers   server: 'cloudflare',
19 verbose headers   'content-encoding': 'gzip' }
20 silly get cb [ 200,
20 silly get   { date: 'Tue, 17 Dec 2019 15:40:34 GMT',
20 silly get     'content-type': 'application/json',
20 silly get     'transfer-encoding': 'chunked',
20 silly get     connection: 'keep-alive',
20 silly get     'set-cookie':
20 silly get      [ '__cfduid=d5d48e10a044974005e9a9f741f9da8e81576597233; expires=Thu, 16-Jan-20 15:40:33 GMT; path=/; domain=.npmjs.org; HttpOnly; SameSite=Lax' ],
20 silly get     'cf-ray': '5469ff078f059c93-AMS',
20 silly get     'cache-control': 'public, max-age=300',
20 silly get     etag: 'W/"eaa1ab860fcd979d5f6d75ceb09d99f3"',
20 silly get     'last-modified': 'Tue, 26 Nov 2019 21:06:07 GMT',
20 silly get     vary: 'accept-encoding, accept',
20 silly get     'cf-cache-status': 'EXPIRED',
20 silly get     'expect-ct': 'max-age=604800, report-uri="https://report-uri.cloudflare.com/cdn-cgi/beacon/expect-ct"',
20 silly get     server: 'cloudflare',
20 silly get     'content-encoding': 'gzip' } ]
21 verbose get saving msnodesqlv8 to /home/waasdev/.npm/registry.npmjs.org/msnodesqlv8/.cache.json
22 silly install normalizeTree
23 silly loadCurrentTree Finishing
24 silly loadIdealTree Starting
25 silly install loadIdealTree
26 silly cloneCurrentTree Starting
27 silly install cloneCurrentTreeToIdealTree
28 silly cloneCurrentTree Finishing
29 silly loadShrinkwrap Starting
30 silly install loadShrinkwrap
31 silly loadShrinkwrap Finishing
32 silly loadAllDepsIntoIdealTree Starting
33 silly install loadAllDepsIntoIdealTree
34 silly rollbackFailedOptional Starting
35 silly rollbackFailedOptional Finishing
36 silly runTopLevelLifecycles Starting
37 silly runTopLevelLifecycles Finishing
38 silly install printInstalled
39 verbose stack Error: Unsupported
39 verbose stack     at checkPlatform (/usr/share/npm/node_modules/npm-install-checks/index.js:46:14)
39 verbose stack     at Array.<anonymous> (/usr/share/npm/node_modules/slide/lib/bind-actor.js:15:8)
39 verbose stack     at LOOP (/usr/share/npm/node_modules/slide/lib/chain.js:15:14)
39 verbose stack     at /usr/share/npm/node_modules/slide/lib/chain.js:18:7
39 verbose stack     at checkEngine (/usr/share/npm/node_modules/npm-install-checks/index.js:25:10)
39 verbose stack     at Array.<anonymous> (/usr/share/npm/node_modules/slide/lib/bind-actor.js:15:8)
39 verbose stack     at LOOP (/usr/share/npm/node_modules/slide/lib/chain.js:15:14)
39 verbose stack     at chain (/usr/share/npm/node_modules/slide/lib/chain.js:20:5)
39 verbose stack     at module.exports.isInstallable (/usr/share/npm/lib/install/validate-args.js:26:3)
39 verbose stack     at Array.<anonymous> (/usr/share/npm/node_modules/slide/lib/bind-actor.js:15:8)
40 verbose pkgid msnodesqlv8@0.8.6
41 verbose cwd /home/waasdev/git/RecruitingAnalytics
42 error Linux 4.15.0-20-generic
43 error argv "/usr/bin/node" "/usr/bin/npm" "install" "msnodesqlv8" "--save"
44 error node v8.10.0
45 error npm  v3.5.2
46 error code EBADPLATFORM
47 error notsup Not compatible with your operating system or architecture: msnodesqlv8@0.8.6
48 error notsup Valid OS:    win32
48 error notsup Valid Arch:  any
48 error notsup Actual OS:   linux
48 error notsup Actual Arch: x64
49 verbose exit [ 1, true ]
